This file contains any messages produced by compilers while
running configure, to aid debugging if configure makes a mistake.

It was created by configure, which was
generated by GNU Autoconf 2.61.  Invocation command line was

  $ ./configure 

## --------- ##
## Platform. ##
## --------- ##

hostname = Amulya-Yadavs-MacBook-Pro.local
uname -m = x86_64
uname -r = 14.0.0
uname -s = Darwin
uname -v = Darwin Kernel Version 14.0.0: Fri Sep 19 00:26:44 PDT 2014; root:xnu-2782.1.97~2/RELEASE_X86_64

/usr/bin/uname -p = i386
/bin/uname -X     = unknown

/bin/arch              = unknown
/usr/bin/arch -k       = unknown
/usr/convex/getsysinfo = unknown
/usr/bin/hostinfo      = Mach kernel version:
	 Darwin Kernel Version 14.0.0: Fri Sep 19 00:26:44 PDT 2014; root:xnu-2782.1.97~2/RELEASE_X86_64
Kernel configured for up to 8 processors.
4 processors are physically available.
8 processors are logically available.
Processor type: i486 (Intel 80486)
Processors active: 0 1 2 3 4 5 6 7
Primary memory available: 4.00 gigabytes
Default processor set: 176 tasks, 812 threads, 8 processors
Load average: 2.51, Mach factor: 5.48
/bin/machine           = unknown
/usr/bin/oslevel       = unknown
/bin/universe          = unknown

PATH: /Users/amulyayadav/Work/knitro-9.0.0-z/knitroampl
PATH: /usr/local/mysql/bin
PATH: /opt/local/bin
PATH: /opt/local/sbin
PATH: /usr/local/bin
PATH: /usr/bin
PATH: /bin
PATH: /usr/sbin
PATH: /sbin
PATH: /opt/X11/bin
PATH: /usr/local/git/bin
PATH: /usr/texbin
PATH: /Users/amulyayadav/Work/HomelessKidsTest/boost_1_55_0/bin.v2/


## ----------- ##
## Core tests. ##
## ----------- ##

configure:1761: checking for a BSD-compatible install
configure:1817: result: /usr/bin/install -c
configure:1828: checking whether build environment is sane
configure:1871: result: yes
configure:1899: checking for a thread-safe mkdir -p
configure:1938: result: ./install-sh -c -d
configure:1951: checking for gawk
configure:1967: found /opt/local/bin/gawk
configure:1978: result: gawk
configure:1989: checking whether make sets $(MAKE)
configure:2010: result: yes
configure:2198: checking whether to enable maintainer-specific portions of Makefiles
configure:2207: result: no
configure:2278: checking for g++
configure:2294: found /opt/local/bin/g++
configure:2305: result: g++
configure:2336: checking for C++ compiler version
configure:2343: g++ --version >&5
g++: warning: couldn't understand kern.osversion '14.0.0
g++ (MacPorts gcc48 4.8.2_0) 4.8.2
Copyright (C) 2013 Free Software Foundation, Inc.
This is free software; see the source for copying conditions.  There is NO
warranty; not even for MERCHANTABILITY or FITNESS FOR A PARTICULAR PURPOSE.

configure:2346: $? = 0
configure:2353: g++ -v >&5
g++: warning: couldn't understand kern.osversion '14.0.0
Using built-in specs.
COLLECT_GCC=g++
COLLECT_LTO_WRAPPER=/opt/local/libexec/gcc/x86_64-apple-darwin13/4.8.2/lto-wrapper
Target: x86_64-apple-darwin13
Configured with: /opt/local/var/macports/build/_opt_mports_dports_lang_gcc48/gcc48/work/gcc-4.8.2/configure --prefix=/opt/local --build=x86_64-apple-darwin13 --enable-languages=c,c++,objc,obj-c++,lto,fortran,java --libdir=/opt/local/lib/gcc48 --includedir=/opt/local/include/gcc48 --infodir=/opt/local/share/info --mandir=/opt/local/share/man --datarootdir=/opt/local/share/gcc-4.8 --with-local-prefix=/opt/local --with-system-zlib --disable-nls --program-suffix=-mp-4.8 --with-gxx-include-dir=/opt/local/include/gcc48/c++/ --with-gmp=/opt/local --with-mpfr=/opt/local --with-mpc=/opt/local --with-cloog=/opt/local --enable-cloog-backend=isl --disable-cloog-version-check --enable-stage1-checking --disable-multilib --enable-lto --enable-libstdcxx-time --with-as=/opt/local/bin/as --with-ld=/opt/local/bin/ld --with-ar=/opt/local/bin/ar --with-bugurl=https://trac.macports.org/newticket --with-pkgversion='MacPorts gcc48 4.8.2_0'
Thread model: posix
gcc version 4.8.2 (MacPorts gcc48 4.8.2_0) 
configure:2356: $? = 0
configure:2363: g++ -V >&5
g++: warning: couldn't understand kern.osversion '14.0.0
g++: error: unrecognized command line option '-V'
g++: fatal error: no input files
compilation terminated.
configure:2366: $? = 1
configure:2389: checking for C++ compiler default output file name
configure:2416: g++    conftest.cpp  >&5
g++: warning: couldn't understand kern.osversion '14.0.0
configure:2419: $? = 0
configure:2457: result: a.out
configure:2474: checking whether the C++ compiler works
configure:2484: ./a.out
configure:2487: $? = 0
configure:2504: result: yes
configure:2511: checking whether we are cross compiling
configure:2513: result: no
configure:2516: checking for suffix of executables
configure:2523: g++ -o conftest    conftest.cpp  >&5
g++: warning: couldn't understand kern.osversion '14.0.0
configure:2526: $? = 0
configure:2550: result: 
configure:2556: checking for suffix of object files
configure:2582: g++ -c   conftest.cpp >&5
g++: warning: couldn't understand kern.osversion '14.0.0
configure:2585: $? = 0
configure:2608: result: o
configure:2612: checking whether we are using the GNU C++ compiler
configure:2641: g++ -c   conftest.cpp >&5
g++: warning: couldn't understand kern.osversion '14.0.0
configure:2647: $? = 0
configure:2664: result: yes
configure:2669: checking whether g++ accepts -g
configure:2699: g++ -c -g  conftest.cpp >&5
g++: warning: couldn't understand kern.osversion '14.0.0
configure:2705: $? = 0
configure: failed program was:
| /* confdefs.h.  */
| #define PACKAGE_NAME ""
| #define PACKAGE_TARNAME ""
| #define PACKAGE_VERSION ""
| #define PACKAGE_STRING ""
| #define PACKAGE_BUGREPORT ""
| #define PACKAGE "pomcp"
| #define VERSION "1.0"
| /* end confdefs.h.  */
| 
| int
| main ()
| {
| 
|   ;
|   return 0;
| }
configure:2737: g++ -c   conftest.cpp >&5
g++: warning: couldn't understand kern.osversion '14.0.0
configure:2743: $? = 0
configure: failed program was:
| /* confdefs.h.  */
| #define PACKAGE_NAME ""
| #define PACKAGE_TARNAME ""
| #define PACKAGE_VERSION ""
| #define PACKAGE_STRING ""
| #define PACKAGE_BUGREPORT ""
| #define PACKAGE "pomcp"
| #define VERSION "1.0"
| /* end confdefs.h.  */
| 
| int
| main ()
| {
| 
|   ;
|   return 0;
| }
configure:2776: g++ -c -g  conftest.cpp >&5
g++: warning: couldn't understand kern.osversion '14.0.0
configure:2782: $? = 0
configure:2804: result: yes
configure:2838: checking for style of include used by make
configure:2866: result: GNU
configure:2891: checking dependency style of g++
configure:2982: result: gcc3
configure:3040: checking for ranlib
configure:3056: found /opt/local/bin/ranlib
configure:3067: result: ranlib
configure:3144: checking for boostlib >= 1.33.1
configure:3208: g++ -c -g -O2  -I/usr/local/include conftest.cpp >&5
g++: warning: couldn't understand kern.osversion '14.0.0
configure:3214: $? = 0
configure:3220: result: yes
configure:3440: checking for gcc
configure:3456: found /opt/local/bin/gcc
configure:3467: result: gcc
configure:3705: checking for C compiler version
configure:3712: gcc --version >&5
gcc: warning: couldn't understand kern.osversion '14.0.0
gcc (MacPorts gcc48 4.8.2_0) 4.8.2
Copyright (C) 2013 Free Software Foundation, Inc.
This is free software; see the source for copying conditions.  There is NO
warranty; not even for MERCHANTABILITY or FITNESS FOR A PARTICULAR PURPOSE.

configure:3715: $? = 0
configure:3722: gcc -v >&5
gcc: warning: couldn't understand kern.osversion '14.0.0
Using built-in specs.
COLLECT_GCC=gcc
COLLECT_LTO_WRAPPER=/opt/local/libexec/gcc/x86_64-apple-darwin13/4.8.2/lto-wrapper
Target: x86_64-apple-darwin13
Configured with: /opt/local/var/macports/build/_opt_mports_dports_lang_gcc48/gcc48/work/gcc-4.8.2/configure --prefix=/opt/local --build=x86_64-apple-darwin13 --enable-languages=c,c++,objc,obj-c++,lto,fortran,java --libdir=/opt/local/lib/gcc48 --includedir=/opt/local/include/gcc48 --infodir=/opt/local/share/info --mandir=/opt/local/share/man --datarootdir=/opt/local/share/gcc-4.8 --with-local-prefix=/opt/local --with-system-zlib --disable-nls --program-suffix=-mp-4.8 --with-gxx-include-dir=/opt/local/include/gcc48/c++/ --with-gmp=/opt/local --with-mpfr=/opt/local --with-mpc=/opt/local --with-cloog=/opt/local --enable-cloog-backend=isl --disable-cloog-version-check --enable-stage1-checking --disable-multilib --enable-lto --enable-libstdcxx-time --with-as=/opt/local/bin/as --with-ld=/opt/local/bin/ld --with-ar=/opt/local/bin/ar --with-bugurl=https://trac.macports.org/newticket --with-pkgversion='MacPorts gcc48 4.8.2_0'
Thread model: posix
gcc version 4.8.2 (MacPorts gcc48 4.8.2_0) 
configure:3725: $? = 0
configure:3732: gcc -V >&5
gcc: warning: couldn't understand kern.osversion '14.0.0
gcc: error: unrecognized command line option '-V'
gcc: fatal error: no input files
compilation terminated.
configure:3735: $? = 1
configure:3738: checking whether we are using the GNU C compiler
configure:3767: gcc -c   conftest.c >&5
gcc: warning: couldn't understand kern.osversion '14.0.0
configure:3773: $? = 0
configure:3790: result: yes
configure:3795: checking whether gcc accepts -g
configure:3825: gcc -c -g  conftest.c >&5
gcc: warning: couldn't understand kern.osversion '14.0.0
configure:3831: $? = 0
configure: failed program was:
| /* confdefs.h.  */
| #define PACKAGE_NAME ""
| #define PACKAGE_TARNAME ""
| #define PACKAGE_VERSION ""
| #define PACKAGE_STRING ""
| #define PACKAGE_BUGREPORT ""
| #define PACKAGE "pomcp"
| #define VERSION "1.0"
| #define HAVE_BOOST
| /* end confdefs.h.  */
| 
| int
| main ()
| {
| 
|   ;
|   return 0;
| }
configure:3863: gcc -c   conftest.c >&5
gcc: warning: couldn't understand kern.osversion '14.0.0
configure:3869: $? = 0
configure: failed program was:
| /* confdefs.h.  */
| #define PACKAGE_NAME ""
| #define PACKAGE_TARNAME ""
| #define PACKAGE_VERSION ""
| #define PACKAGE_STRING ""
| #define PACKAGE_BUGREPORT ""
| #define PACKAGE "pomcp"
| #define VERSION "1.0"
| #define HAVE_BOOST
| /* end confdefs.h.  */
| 
| int
| main ()
| {
| 
|   ;
|   return 0;
| }
configure:3902: gcc -c -g  conftest.c >&5
gcc: warning: couldn't understand kern.osversion '14.0.0
configure:3908: $? = 0
configure:3930: result: yes
configure:3947: checking for gcc option to accept ISO C89
configure:4021: gcc  -c -g -O2  conftest.c >&5
gcc: warning: couldn't understand kern.osversion '14.0.0
configure:4027: $? = 0
configure:4050: result: none needed
configure:4070: checking dependency style of gcc
configure:4161: result: gcc3
configure:4207: checking whether the Boost::Program_Options library is available
configure:4241: g++ -c -g -O2  -I/usr/local/include conftest.cpp >&5
g++: warning: couldn't understand kern.osversion '14.0.0
configure:4247: $? = 0
configure:4269: result: yes
configure:4282: checking for exit in -lboost_program_options
configure:4317: gcc -o conftest -g -O2  -I/usr/local/include  -L/usr/local/lib conftest.c -lboost_program_options   >&5
gcc: warning: couldn't understand kern.osversion '14.0.0
conftest.c:19:6: warning: conflicting types for built-in function 'exit' [enabled by default]
 char exit ();
      ^
configure:4323: $? = 0
configure:4342: result: yes
configure:4531: checking CXXFLAGS for maximum warnings
configure:4568: g++ -c -O3 -g -DNDEBUG -pedantic  -Wall  conftest.cpp >&5
g++: warning: couldn't understand kern.osversion '14.0.0
configure:4574: $? = 0
configure:4598: result: -Wall
configure:4611: : CXXFLAGS="$CXXFLAGS $ac_cv_cxxflags_warn_all"
configure:4614: $? = 0
configure:4621: checking CXXFLAGS for gcc -Wextra
configure:4658: g++ -c -O3 -g -DNDEBUG -Wall -pedantic -Werror  -Wextra  conftest.cpp >&5
g++: warning: couldn't understand kern.osversion '14.0.0
configure:4664: $? = 0
configure:4688: result: -Wextra
configure:4700: : CXXFLAGS="$CXXFLAGS $ac_cv_cxxflags_gcc_option__Wextra"
configure:4703: $? = 0
configure:4869: creating ./config.status

## ---------------------- ##
## Running config.status. ##
## ---------------------- ##

This file was extended by config.status, which was
generated by GNU Autoconf 2.61.  Invocation command line was

  CONFIG_FILES    = 
  CONFIG_HEADERS  = 
  CONFIG_LINKS    = 
  CONFIG_COMMANDS = 
  $ ./config.status 

on Amulya-Yadavs-MacBook-Pro.local

config.status:629: creating Makefile
config.status:629: creating src/Makefile
config.status:820: executing depfiles commands

## ---------------- ##
## Cache variables. ##
## ---------------- ##

ac_cv_c_compiler_gnu=yes
ac_cv_cxx_compiler_gnu=yes
ac_cv_cxxflags_gcc_option__Wextra=-Wextra
ac_cv_cxxflags_warn_all=-Wall
ac_cv_env_CCC_set=
ac_cv_env_CCC_value=
ac_cv_env_CC_set=
ac_cv_env_CC_value=
ac_cv_env_CFLAGS_set=
ac_cv_env_CFLAGS_value=
ac_cv_env_CPPFLAGS_set=
ac_cv_env_CPPFLAGS_value=
ac_cv_env_CXXFLAGS_set=
ac_cv_env_CXXFLAGS_value=
ac_cv_env_CXX_set=
ac_cv_env_CXX_value=
ac_cv_env_LDFLAGS_set=
ac_cv_env_LDFLAGS_value=
ac_cv_env_LIBS_set=
ac_cv_env_LIBS_value=
ac_cv_env_build_alias_set=
ac_cv_env_build_alias_value=
ac_cv_env_host_alias_set=
ac_cv_env_host_alias_value=
ac_cv_env_target_alias_set=
ac_cv_env_target_alias_value=
ac_cv_lib_boost_program_options___exit=yes
ac_cv_objext=o
ac_cv_path_install='/usr/bin/install -c'
ac_cv_prog_AWK=gawk
ac_cv_prog_ac_ct_CC=gcc
ac_cv_prog_ac_ct_CXX=g++
ac_cv_prog_ac_ct_RANLIB=ranlib
ac_cv_prog_cc_c89=
ac_cv_prog_cc_g=yes
ac_cv_prog_cxx_g=yes
ac_cv_prog_make_make_set=yes
am_cv_CC_dependencies_compiler_type=gcc3
am_cv_CXX_dependencies_compiler_type=gcc3
ax_cv_boost_program_options=yes

## ----------------- ##
## Output variables. ##
## ----------------- ##

ACLOCAL='${SHELL} /Users/amulyayadav/Work/GamePOMDP/pomcp-1.0/missing --run aclocal-1.10'
AMDEPBACKSLASH='\'
AMDEP_FALSE='#'
AMDEP_TRUE=''
AMTAR='${SHELL} /Users/amulyayadav/Work/GamePOMDP/pomcp-1.0/missing --run tar'
AUTOCONF='${SHELL} /Users/amulyayadav/Work/GamePOMDP/pomcp-1.0/missing --run autoconf'
AUTOHEADER='${SHELL} /Users/amulyayadav/Work/GamePOMDP/pomcp-1.0/missing --run autoheader'
AUTOMAKE='${SHELL} /Users/amulyayadav/Work/GamePOMDP/pomcp-1.0/missing --run automake-1.10'
AWK='gawk'
BOOST_CPPFLAGS='-I/usr/local/include'
BOOST_LDFLAGS='-L/usr/local/lib'
BOOST_PROGRAM_OPTIONS_LIB='-lboost_program_options'
CC='gcc'
CCDEPMODE='depmode=gcc3'
CFLAGS='-g -O2'
CPPFLAGS=''
CXX='g++'
CXXDEPMODE='depmode=gcc3'
CXXFLAGS='-O3 -g -DNDEBUG -Wall -Wextra'
CYGPATH_W='echo'
DEFS='-DPACKAGE_NAME=\"\" -DPACKAGE_TARNAME=\"\" -DPACKAGE_VERSION=\"\" -DPACKAGE_STRING=\"\" -DPACKAGE_BUGREPORT=\"\" -DPACKAGE=\"pomcp\" -DVERSION=\"1.0\" -DHAVE_BOOST= -DHAVE_BOOST_PROGRAM_OPTIONS='
DEPDIR='.deps'
ECHO_C='ECHO_N=''
ECHO_T=''
EXEEXT=''
INSTALL_DATA='${INSTALL} -m 644'
INSTALL_PROGRAM='${INSTALL}'
INSTALL_SCRIPT='${INSTALL}'
INSTALL_STRIP_PROGRAM='$(install_sh) -c -s'
LDFLAGS=''
LIBOBJS=''
LIBS=''
LTLIBOBJS=''
MAINT='#'
MAINTAINER_MODE_FALSE=''
MAINTAINER_MODE_TRUE='#'
MAKEINFO='${SHELL} /Users/amulyayadav/Work/GamePOMDP/pomcp-1.0/missing --run makeinfo'
OBJEXT='o'
PACKAGE='pomcp'
PACKAGE_BUGREPORT=''
PACKAGE_NAME=''
PACKAGE_STRING=''
PACKAGE_TARNAME=''
PACKAGE_VERSION=''
PATH_SEPARATOR=':'
RANLIB='ranlib'
SET_MAKE=''
SHELL='/bin/sh'
STRIP=''
VERSION='1.0'
ac_ct_CC='gcc'
ac_ct_CXX='g++'
am__fastdepCC_FALSE='#'
am__fastdepCC_TRUE=''
am__fastdepCXX_FALSE='#'
am__fastdepCXX_TRUE=''
am__include='include'
am__isrc=''
am__leading_dot='.'
am__quote=''
am__tar='${AMTAR} chof - "$$tardir"'
am__untar='${AMTAR} xf -'
bindir='${exec_prefix}/bin'
build_alias=''
datadir='${datarootdir}'
datarootdir='${prefix}/share'
docdir='${datarootdir}/doc/${PACKAGE}'
dvidir='${docdir}'
exec_prefix='${prefix}'
host_alias=''
htmldir='${docdir}'
includedir='${prefix}/include'
infodir='${datarootdir}/info'
install_sh='$(SHELL) /Users/amulyayadav/Work/GamePOMDP/pomcp-1.0/install-sh'
libdir='${exec_prefix}/lib'
libexecdir='${exec_prefix}/libexec'
localedir='${datarootdir}/locale'
localstatedir='${prefix}/var'
mandir='${datarootdir}/man'
mkdir_p='$(top_builddir)/./install-sh -c -d'
oldincludedir='/usr/include'
pdfdir='${docdir}'
prefix='/usr/local'
program_transform_name='s,x,x,'
psdir='${docdir}'
sbindir='${exec_prefix}/sbin'
sharedstatedir='${prefix}/com'
sysconfdir='${prefix}/etc'
target_alias=''

## ----------- ##
## confdefs.h. ##
## ----------- ##

#define PACKAGE_NAME ""
#define PACKAGE_TARNAME ""
#define PACKAGE_VERSION ""
#define PACKAGE_STRING ""
#define PACKAGE_BUGREPORT ""
#define PACKAGE "pomcp"
#define VERSION "1.0"
#define HAVE_BOOST
#define HAVE_BOOST_PROGRAM_OPTIONS

configure: exit 0

## ---------------------- ##
## Running config.status. ##
## ---------------------- ##

This file was extended by config.status, which was
generated by GNU Autoconf 2.61.  Invocation command line was

  CONFIG_FILES    = 
  CONFIG_HEADERS  = 
  CONFIG_LINKS    = 
  CONFIG_COMMANDS = 
  $ ./config.status 

on aci-lgn-004.acib.production.int.aci.ics.psu.edu

config.status:629: creating Makefile
config.status:629: creating src/Makefile
config.status:820: executing depfiles commands

## ---------------------- ##
## Running config.status. ##
## ---------------------- ##

This file was extended by config.status, which was
generated by GNU Autoconf 2.61.  Invocation command line was

  CONFIG_FILES    = 
  CONFIG_HEADERS  = 
  CONFIG_LINKS    = 
  CONFIG_COMMANDS = 
  $ ./config.status 

on sly-MS-7B51

config.status:629: creating Makefile
config.status:629: creating src/Makefile
config.status:820: executing depfiles commands
